[2025-03-11 13:31:59] Starting processing 
[2025-03-11 13:31:59] Reading TSV file: /gpfs/data/mostafavilab/rishav.e.s.dasgupta/gene_features_binarized_selected.tsv 
[2025-03-11 13:32:00] Loaded 19071 rows and 7 columns from TSV file 
[2025-03-11 13:32:00] TSV file columns: ensg, hgnc, chrom, length_binarized, Transcript_count_binarized, GO:0000466, human_airway_projected_pcaloadings_clusters.170_binarized 
[2025-03-11 13:32:00] Filtering rows based on numerical feature columns (4-7)... 
[2025-03-11 13:32:00] After filtering: kept 4567 rows out of 19071 ( 23.95 %) 
[2025-03-11 13:32:00] Reading GTF file: /gpfs/data/mostafavilab/rishav.e.s.dasgupta/gencode.v47lift37.basic.annotation.gtf 
[2025-03-11 13:32:29] Read 2224156 lines from GTF file 
[2025-03-11 13:32:29] Processing GTF file to extract gene information... 
[2025-03-11 13:32:36] Processed 1e+05 lines... 
[2025-03-11 13:32:39] Processed 5000 genes... 
[2025-03-11 13:32:44] Processed 2e+05 lines... 
[2025-03-11 13:32:51] Processed 10000 genes... 
[2025-03-11 13:32:53] Processed 3e+05 lines... 
[2025-03-11 13:33:01] Processed 4e+05 lines... 
[2025-03-11 13:33:05] Processed 15000 genes... 
[2025-03-11 13:33:10] Processed 5e+05 lines... 
[2025-03-11 13:33:21] Processed 20000 genes... 
[2025-03-11 13:33:22] Processed 6e+05 lines... 
[2025-03-11 13:33:35] Processed 7e+05 lines... 
[2025-03-11 13:33:38] Processed 25000 genes... 
[2025-03-11 13:33:50] Processed 8e+05 lines... 
[2025-03-11 13:33:57] Processed 30000 genes... 
[2025-03-11 13:34:06] Processed 9e+05 lines... 
[2025-03-11 13:34:20] Processed 35000 genes... 
[2025-03-11 13:34:25] Processed 1e+06 lines... 
[2025-03-11 13:34:42] Processed 1100000 lines... 
[2025-03-11 13:34:42] Processed 40000 genes... 
[2025-03-11 13:35:00] Processed 1200000 lines... 
[2025-03-11 13:35:08] Processed 45000 genes... 
[2025-03-11 13:35:17] Processed 1300000 lines... 
[2025-03-11 13:35:35] Processed 50000 genes... 
[2025-03-11 13:35:35] Processed 1400000 lines... 
[2025-03-11 13:35:59] Processed 1500000 lines... 
[2025-03-11 13:36:04] Processed 55000 genes... 
[2025-03-11 13:36:22] Processed 1600000 lines... 
[2025-03-11 13:36:35] Processed 60000 genes... 
[2025-03-11 13:36:46] Processed 1700000 lines... 
[2025-03-11 13:37:09] Processed 65000 genes... 
[2025-03-11 13:37:09] Processed 1800000 lines... 
[2025-03-11 13:37:34] Processed 1900000 lines... 
[2025-03-11 13:37:45] Processed 70000 genes... 
[2025-03-11 13:37:56] Processed 2e+06 lines... 
[2025-03-11 13:38:24] Processed 75000 genes... 
[2025-03-11 13:38:28] Processed 2100000 lines... 
[2025-03-11 13:38:57] Processed 2200000 lines... 
[2025-03-11 13:39:04] Processed 80000 genes... 
[2025-03-11 13:39:07] Extracted information for 80311 genes from GTF 
[2025-03-11 13:39:07] Cleaning gene IDs to match ensg format... 
[2025-03-11 13:39:07] Merging filtered TSV data with GTF gene information... 
[2025-03-11 13:39:07] Matched 4541 out of 4567 rows ( 99.4 %) 
[2025-03-11 13:39:07] Column names in merged data: 
[2025-03-11 13:39:07] ensg, hgnc, chrom, length_binarized, Transcript_count_binarized, GO:0000466, human_airway_projected_pcaloadings_clusters.170_binarized, gene_id, annotation_source, genomic_start, genomic_end 
[2025-03-11 13:39:07] Writing merged data to: /gpfs/data/mostafavilab/rishav.e.s.dasgupta/gene_features_filtered_annotated.tsv 
[2025-03-11 13:39:07] Processing completed successfully 
