Reading TSV file: /gpfs/data/mostafavilab/rishav.e.s.dasgupta/select_gene_features_binarized_modified.tsv 
Loaded 19071 rows and 5 columns from TSV file
TSV file columns: ensg, hgnc, chrom, GO:0061154, human_brain3_adult_projected_pcaloadings_clusters_pre_def.125_binarized 
Reading GTF file: /gpfs/data/mostafavilab/rishav.e.s.dasgupta/gencode.v47lift37.basic.annotation.gtf 
Read 2224156 lines from GTF file
Processing GTF file to extract gene information...
Processed 1e+05 lines...
Processed 5000 genes...
Processed 2e+05 lines...
Processed 10000 genes...
Processed 3e+05 lines...
Processed 4e+05 lines...
Processed 15000 genes...
Processed 5e+05 lines...
Processed 20000 genes...
Processed 6e+05 lines...
Processed 7e+05 lines...
Processed 25000 genes...
Processed 8e+05 lines...
Processed 30000 genes...
Processed 9e+05 lines...
Processed 35000 genes...
Processed 1e+06 lines...
Processed 1100000 lines...
Processed 40000 genes...
Processed 1200000 lines...
Processed 45000 genes...
Processed 1300000 lines...
Processed 50000 genes...
Processed 1400000 lines...
Processed 1500000 lines...
Processed 55000 genes...
Processed 1600000 lines...
Processed 60000 genes...
Processed 1700000 lines...
Processed 65000 genes...
Processed 1800000 lines...
Processed 1900000 lines...
Processed 70000 genes...
Processed 2e+06 lines...
Processed 75000 genes...
Processed 2100000 lines...
Processed 2200000 lines...
Processed 80000 genes...
Extracted information for 80311 genes from GTF
Merging datasets...
Matched 18807 out of 19071 rows ( 98.6 %)

Preview of first few rows and column names in final data:
Column names: ensg, hgnc, chrom, GO:0061154, human_brain3_adult_projected_pcaloadings_clusters_pre_def.125_binarized, gene_id, annotation_source, genomic_start, genomic_end 

Writing merged data to: /gpfs/data/mostafavilab/rishav.e.s.dasgupta/gene_features_gencode_merged.tsv 
Done
